1.001001001001000986e+05,nan
2.002002002002001973e+05,nan
3.003003003003002959e+05,nan
4.004004004004003946e+05,0.000000000000000000e+00
5.005005005005004932e+05,0.000000000000000000e+00
6.006006006006005919e+05,0.000000000000000000e+00
7.007007007007007487e+05,0.000000000000000000e+00
8.008008008008007891e+05,0.000000000000000000e+00
9.009009009009008296e+05,0.000000000000000000e+00
1.001001001001000986e+06,0.000000000000000000e+00
1.101101101101101143e+06,0.000000000000000000e+00
1.201201201201201184e+06,0.000000000000000000e+00
1.301301301301301224e+06,0.000000000000000000e+00
1.401401401401401497e+06,0.000000000000000000e+00
1.501501501501501538e+06,0.000000000000000000e+00
1.601601601601601578e+06,4.266666666666666607e+00
1.701701701701701619e+06,8.266666666666665719e+00
1.801801801801801659e+06,1.226666666666666572e+01
1.901901901901901932e+06,1.626666666666666572e+01
2.002002002002001973e+06,2.413333333333333286e+01
2.102102102102102246e+06,3.106666666666666288e+01
2.202202202202202287e+06,3.986666666666666003e+01
2.302302302302302327e+06,4.693333333333333002e+01
2.402402402402402367e+06,5.226666666666666572e+01
2.502502502502502408e+06,5.573333333333333428e+01
2.602602602602602448e+06,5.933333333333333570e+01
2.702702702702702489e+06,6.293333333333333712e+01
2.802802802802802995e+06,6.840000000000000568e+01
2.902902902902903035e+06,7.880000000000001137e+01
3.003003003003003076e+06,8.773333333333333428e+01
3.103103103103103116e+06,9.453333333333334565e+01
3.203203203203203157e+06,1.010666666666666771e+02
3.303303303303303197e+06,1.090666666666666771e+02
3.403403403403403237e+06,1.134666666666666686e+02
3.503503503503503278e+06,1.158666666666666742e+02
3.603603603603603318e+06,1.217333333333333485e+02
3.703703703703703824e+06,1.238666666666667027e+02
3.803803803803803865e+06,1.253333333333333712e+02
3.903903903903903905e+06,1.316000000000000512e+02
4.004004004004003946e+06,1.458666666666667027e+02
4.104104104104103986e+06,1.549333333333333371e+02
4.204204204204204492e+06,1.680000000000000000e+02
4.304304304304304533e+06,1.914666666666666401e+02
4.404404404404404573e+06,2.042666666666666515e+02
4.504504504504504614e+06,2.198666666666666458e+02
4.604604604604604654e+06,2.395999999999999659e+02
4.704704704704704694e+06,2.575999999999999659e+02
4.804804804804804735e+06,2.779999999999999432e+02
4.904904904904904775e+06,3.094666666666665833e+02
5.005005005005004816e+06,3.294666666666665833e+02
5.105105105105104856e+06,3.569333333333332803e+02
5.205205205205204897e+06,3.931999999999998749e+02
5.305305305305304937e+06,4.058666666666665606e+02
5.405405405405404978e+06,4.242666666666665378e+02
5.505505505505505018e+06,4.395999999999999091e+02
5.605605605605605990e+06,4.529333333333332803e+02
5.705705705705706030e+06,4.673333333333333144e+02
5.805805805805806071e+06,4.954666666666666970e+02
5.905905905905906111e+06,5.150666666666667197e+02
6.006006006006006151e+06,5.450666666666667197e+02
6.106106106106106192e+06,5.710666666666667197e+02
6.206206206206206232e+06,5.929333333333333940e+02
6.306306306306306273e+06,6.163999999999999773e+02
6.406406406406406313e+06,6.401333333333333258e+02
6.506506506506506354e+06,6.653333333333332575e+02
6.606606606606606394e+06,6.885333333333333030e+02
6.706706706706706434e+06,7.126666666666665151e+02
6.806806806806806475e+06,7.345333333333330756e+02
6.906906906906906515e+06,7.617333333333332348e+02
7.007007007007006556e+06,7.706666666666665151e+02
7.107107107107106596e+06,7.941333333333330984e+02
7.207207207207206637e+06,8.065333333333331893e+02
7.307307307307307608e+06,8.163999999999998636e+02
7.407407407407407649e+06,8.235999999999997954e+02
7.507507507507507689e+06,8.605333333333331893e+02
7.607607607607607730e+06,8.818666666666664469e+02
7.707707707707707770e+06,9.141333333333329847e+02
7.807807807807807811e+06,9.437333333333330074e+02
7.907907907907907851e+06,9.787999999999996135e+02
8.008008008008007891e+06,1.000399999999999636e+03
8.108108108108107932e+06,1.015733333333333007e+03
8.208208208208207972e+06,1.035333333333333030e+03
8.308308308308308013e+06,1.063199999999999818e+03
8.408408408408408985e+06,1.080399999999999864e+03
8.508508508508509025e+06,1.095066666666666379e+03
8.608608608608609065e+06,1.113199999999999818e+03
8.708708708708709106e+06,1.127866666666666561e+03
8.808808808808809146e+06,1.140533333333333303e+03
8.908908908908909187e+06,1.154666666666666515e+03
9.009009009009009227e+06,1.167733333333333121e+03
9.109109109109109268e+06,1.185333333333333258e+03
9.209209209209209308e+06,1.201466666666666470e+03
9.309309309309309348e+06,1.219866666666666333e+03
9.409409409409409389e+06,1.230933333333332939e+03
9.509509509509509429e+06,1.245199999999999818e+03
9.609609609609609470e+06,1.268133333333332985e+03
9.709709709709709510e+06,1.280666666666666515e+03
9.809809809809809551e+06,1.297333333333333030e+03
9.909909909909909591e+06,1.316133333333332985e+03
1.001001001001000963e+07,1.329866666666666333e+03
1.011011011011010967e+07,1.332399999999999636e+03
1.021021021021020971e+07,1.349199999999999591e+03
1.031031031031030975e+07,1.356399999999999636e+03
1.041041041041040979e+07,1.370399999999999636e+03
1.051051051051050983e+07,1.383333333333333030e+03
1.061061061061060987e+07,1.399999999999999545e+03
1.071071071071070991e+07,1.408133333333332757e+03
1.081081081081080996e+07,1.418399999999999409e+03
1.091091091091091000e+07,1.425333333333332575e+03
1.101101101101101004e+07,1.439333333333332803e+03
1.111111111111111008e+07,1.451599999999999454e+03
1.121121121121121198e+07,1.459466666666665787e+03
1.131131131131131202e+07,1.468133333333332303e+03
1.141141141141141206e+07,1.479599999999999000e+03
1.151151151151151210e+07,1.487733333333332212e+03
1.161161161161161214e+07,1.495066666666665469e+03
1.171171171171171218e+07,1.505999999999998863e+03
1.181181181181181222e+07,1.513866666666665651e+03
1.191191191191191226e+07,1.525866666666665878e+03
1.201201201201201230e+07,1.534133333333332303e+03
1.211211211211211234e+07,1.539333333333332348e+03
1.221221221221221238e+07,1.550933333333332257e+03
1.231231231231231242e+07,1.566799999999999045e+03
1.241241241241241246e+07,1.571199999999999136e+03
1.251251251251251251e+07,1.584399999999999181e+03
1.261261261261261255e+07,1.598133333333332757e+03
1.271271271271271259e+07,1.606533333333332621e+03
1.281281281281281263e+07,1.614933333333332712e+03
1.291291291291291267e+07,1.629466666666666242e+03
1.301301301301301271e+07,1.637733333333332894e+03
1.311311311311311275e+07,1.651466666666666015e+03
1.321321321321321279e+07,1.663066666666666151e+03
1.331331331331331283e+07,1.675333333333332803e+03
1.341341341341341287e+07,1.682266666666665969e+03
1.351351351351351291e+07,1.690533333333332394e+03
1.361361361361361295e+07,1.698266666666665969e+03
1.371371371371371299e+07,1.707333333333332803e+03
1.381381381381381303e+07,1.710933333333332939e+03
1.391391391391391307e+07,1.720799999999999727e+03
1.401401401401401311e+07,1.734666666666666515e+03
1.411411411411411315e+07,1.741599999999999682e+03
1.421421421421421319e+07,1.749333333333332803e+03
1.431431431431431323e+07,1.756533333333332848e+03
1.441441441441441327e+07,1.767866666666666106e+03
1.451451451451451518e+07,1.773199999999999363e+03
1.461461461461461522e+07,1.783999999999999318e+03
1.471471471471471526e+07,1.794133333333332757e+03
1.481481481481481530e+07,1.803333333333332803e+03
1.491491491491491534e+07,1.807599999999999682e+03
1.501501501501501538e+07,1.811733333333333121e+03
1.511511511511511542e+07,1.815733333333333121e+03
1.521521521521521546e+07,1.818266666666666424e+03
1.531531531531531550e+07,1.823599999999999682e+03
1.541541541541541554e+07,1.832933333333332939e+03
1.551551551551551558e+07,1.841999999999999318e+03
1.561561561561561562e+07,1.850399999999999181e+03
1.571571571571571566e+07,1.858933333333332484e+03
1.581581581581581570e+07,1.867466666666666015e+03
1.591591591591591574e+07,1.869866666666666106e+03
1.601601601601601578e+07,1.875066666666666151e+03
1.611611611611611582e+07,1.883599999999999227e+03
1.621621621621621586e+07,1.891333333333332803e+03
1.631631631631631590e+07,1.898933333333332939e+03
1.641641641641641594e+07,1.908666666666666515e+03
1.651651651651651599e+07,1.918666666666666515e+03
1.661661661661661603e+07,1.919066666666666379e+03
1.671671671671671607e+07,1.923066666666666379e+03
1.681681681681681797e+07,1.926533333333332848e+03
1.691691691691691801e+07,1.929866666666666106e+03
1.701701701701701805e+07,1.933199999999999591e+03
1.711711711711711809e+07,1.941733333333333121e+03
1.721721721721721813e+07,1.950399999999999636e+03
1.731731731731731817e+07,1.956533333333333303e+03
1.741741741741741821e+07,1.963066666666666379e+03
1.751751751751751825e+07,1.968799999999999727e+03
1.761761761761761829e+07,1.973733333333332894e+03
1.771771771771771833e+07,1.976666666666666515e+03
1.781781781781781837e+07,1.982666666666666515e+03
1.791791791791791841e+07,1.990933333333333167e+03
1.801801801801801845e+07,1.995599999999999909e+03
1.811811811811811849e+07,1.999733333333333121e+03
1.821821821821821854e+07,2.006933333333333167e+03
1.831831831831831858e+07,2.012399999999999636e+03
1.841841841841841862e+07,2.015599999999999682e+03
1.851851851851851866e+07,2.022666666666666060e+03
1.861861861861861870e+07,2.029466666666666015e+03
1.871871871871871874e+07,2.033999999999999318e+03
1.881881881881881878e+07,2.037866666666666106e+03
1.891891891891891882e+07,2.044666666666666060e+03
1.901901901901901886e+07,2.048666666666666060e+03
1.911911911911911890e+07,2.053466666666666242e+03
1.921921921921921894e+07,2.057999999999999091e+03
1.931931931931931898e+07,2.064933333333332484e+03
1.941941941941941902e+07,2.066799999999999272e+03
1.951951951951951906e+07,2.071866666666665878e+03
1.961961961961961910e+07,2.079066666666666151e+03
1.971971971971971914e+07,2.087066666666666151e+03
1.981981981981981918e+07,2.095733333333332666e+03
1.991991991991991922e+07,2.105866666666665878e+03
2.002002002002001926e+07,2.111866666666665878e+03
2.012012012012011930e+07,2.113599999999999454e+03
2.022022022022021934e+07,2.117466666666666242e+03
2.032032032032031938e+07,2.119599999999999454e+03
2.042042042042041942e+07,2.122533333333332848e+03
2.052052052052051947e+07,2.127733333333332666e+03
2.062062062062061951e+07,2.131066666666666151e+03
2.072072072072071955e+07,2.132666666666666060e+03
2.082082082082081959e+07,2.135999999999999545e+03
2.092092092092091963e+07,2.140133333333333212e+03
2.102102102102101967e+07,2.142266666666666424e+03
2.112112112112111971e+07,2.148933333333333394e+03
2.122122122122121975e+07,2.153333333333333030e+03
2.132132132132131979e+07,2.156399999999999636e+03
2.142142142142141983e+07,2.156399999999999636e+03
2.152152152152151987e+07,2.161466666666666242e+03
2.162162162162161991e+07,2.165599999999999454e+03
2.172172172172171995e+07,2.168933333333332939e+03
2.182182182182181999e+07,2.171733333333332666e+03
2.192192192192192003e+07,2.173866666666665878e+03
2.202202202202202007e+07,2.172133333333332757e+03
2.212212212212212011e+07,2.171733333333332666e+03
2.222222222222222015e+07,2.176933333333332939e+03
2.232232232232232019e+07,2.181733333333332666e+03
2.242242242242242396e+07,2.187199999999999818e+03
2.252252252252252400e+07,2.193466666666666242e+03
2.262262262262262404e+07,2.201333333333333030e+03
2.272272272272272408e+07,2.205999999999999545e+03
2.282282282282282412e+07,2.209733333333333121e+03
2.292292292292292416e+07,2.213866666666666333e+03
2.302302302302302420e+07,2.219066666666666606e+03
2.312312312312312424e+07,2.223599999999999454e+03
2.322322322322322428e+07,2.225199999999999818e+03
2.332332332332332432e+07,2.227599999999999454e+03
2.342342342342342436e+07,2.230933333333332939e+03
2.352352352352352440e+07,2.232399999999999636e+03
2.362362362362362444e+07,2.233733333333332666e+03
2.372372372372372448e+07,2.234799999999999727e+03
2.382382382382382452e+07,2.236133333333332757e+03
2.392392392392392457e+07,2.237466666666666242e+03
2.402402402402402461e+07,2.235199999999999818e+03
2.412412412412412465e+07,2.232799999999999727e+03
2.422422422422422469e+07,2.234799999999999727e+03
2.432432432432432473e+07,2.236799999999999727e+03
2.442442442442442477e+07,2.241599999999999454e+03
2.452452452452452481e+07,2.249466666666666242e+03
2.462462462462462485e+07,2.258666666666666515e+03
2.472472472472472489e+07,2.263599999999999454e+03
2.482482482482482493e+07,2.272133333333332757e+03
2.492492492492492497e+07,2.277599999999999454e+03
2.502502502502502501e+07,2.282133333333332303e+03
2.512512512512512505e+07,2.281466666666666242e+03
2.522522522522522509e+07,2.284933333333332939e+03
2.532532532532532513e+07,2.289333333333333030e+03
2.542542542542542517e+07,2.291733333333332666e+03
2.552552552552552521e+07,2.295733333333332666e+03
2.562562562562562525e+07,2.304933333333332939e+03
2.572572572572572529e+07,2.311466666666666242e+03
2.582582582582582533e+07,2.312266666666665969e+03
2.592592592592592537e+07,2.317199999999999818e+03
2.602602602602602541e+07,2.320133333333333212e+03
2.612612612612612545e+07,2.319866666666666333e+03
2.622622622622622550e+07,2.325999999999999545e+03
2.632632632632632554e+07,2.332666666666666515e+03
2.642642642642642558e+07,2.336933333333332939e+03
2.652652652652652562e+07,2.345866666666665878e+03
2.662662662662662566e+07,2.352133333333332757e+03
2.672672672672672570e+07,2.354133333333332757e+03
2.682682682682682574e+07,2.356133333333332757e+03
2.692692692692692578e+07,2.360399999999999636e+03
2.702702702702702582e+07,2.359733333333332666e+03
2.712712712712712586e+07,2.365466666666666242e+03
2.722722722722722590e+07,2.368799999999999727e+03
2.732732732732732594e+07,2.370266666666666424e+03
2.742742742742742598e+07,2.369733333333333121e+03
2.752752752752752602e+07,2.371866666666666788e+03
2.762762762762762606e+07,2.369733333333333576e+03
2.772772772772772610e+07,2.370000000000000000e+03
2.782782782782782614e+07,2.373199999999999818e+03
2.792792792792792618e+07,2.377466666666666242e+03
2.802802802802802622e+07,2.379599999999999454e+03
2.812812812812812626e+07,2.384266666666665969e+03
2.822822822822822630e+07,2.385999999999999545e+03
2.832832832832832634e+07,2.388933333333332939e+03
2.842842842842842638e+07,2.389199999999999818e+03
2.852852852852852643e+07,2.395466666666666242e+03
2.862862862862862647e+07,2.398266666666666424e+03
2.872872872872872651e+07,2.402399999999999636e+03
2.882882882882882655e+07,2.403866666666666333e+03
2.892892892892893031e+07,2.404799999999999727e+03
2.902902902902903035e+07,2.404266666666665969e+03
2.912912912912913039e+07,2.409466666666666242e+03
2.922922922922923043e+07,2.412133333333332757e+03
2.932932932932933047e+07,2.417066666666666151e+03
2.942942942942943051e+07,2.423599999999999454e+03
2.952952952952953056e+07,2.427733333333333121e+03
2.962962962962963060e+07,2.426933333333333394e+03
2.972972972972973064e+07,2.429199999999999818e+03
2.982982982982983068e+07,2.429199999999999818e+03
2.992992992992993072e+07,2.431733333333332666e+03
3.003003003003003076e+07,2.434666666666666060e+03
3.013013013013013080e+07,2.436933333333332939e+03
3.023023023023023084e+07,2.437199999999999818e+03
3.033033033033033088e+07,2.441066666666666606e+03
3.043043043043043092e+07,2.439199999999999818e+03
3.053053053053053096e+07,2.440399999999999636e+03
3.063063063063063100e+07,2.444399999999999636e+03
3.073073073073073104e+07,2.447199999999999818e+03
3.083083083083083108e+07,2.449599999999999454e+03
3.093093093093093112e+07,2.455199999999999818e+03
3.103103103103103116e+07,2.456666666666666515e+03
3.113113113113113120e+07,2.457866666666666333e+03
3.123123123123123124e+07,2.461199999999999818e+03
3.133133133133133128e+07,2.462266666666665969e+03
3.143143143143143132e+07,2.461999999999999545e+03
3.153153153153153136e+07,2.463066666666666151e+03
3.163163163163163140e+07,2.466266666666665969e+03
3.173173173173173144e+07,2.468133333333332757e+03
3.183183183183183149e+07,2.470266666666666424e+03
3.193193193193193153e+07,2.474399999999999636e+03
3.203203203203203157e+07,2.480533333333333303e+03
3.213213213213213161e+07,2.483333333333333030e+03
3.223223223223223165e+07,2.485866666666666333e+03
3.233233233233233169e+07,2.487866666666666333e+03
3.243243243243243173e+07,2.491333333333333030e+03
3.253253253253253177e+07,2.493199999999999818e+03
3.263263263263263181e+07,2.494799999999999727e+03
3.273273273273273185e+07,2.498799999999999727e+03
3.283283283283283189e+07,2.500933333333332939e+03
3.293293293293293193e+07,2.498666666666666060e+03
3.303303303303303197e+07,2.499333333333333030e+03
3.313313313313313201e+07,2.499333333333333030e+03
3.323323323323323205e+07,2.501066666666666606e+03
3.333333333333333209e+07,2.503999999999999545e+03
3.343343343343343213e+07,2.509066666666666606e+03
3.353353353353353217e+07,2.509599999999999454e+03
3.363363363363363594e+07,2.512266666666666424e+03
3.373373373373373598e+07,2.511066666666666606e+03
3.383383383383383602e+07,2.512666666666666515e+03
3.393393393393393606e+07,2.513333333333333030e+03
3.403403403403403610e+07,2.512266666666666424e+03
3.413413413413413614e+07,2.512399999999999636e+03
3.423423423423423618e+07,2.513999999999999545e+03
3.433433433433433622e+07,2.515733333333333121e+03
3.443443443443443626e+07,2.515599999999999909e+03
3.453453453453453630e+07,2.520800000000000182e+03
3.463463463463463634e+07,2.520800000000000182e+03
3.473473473473473638e+07,2.521599999999999909e+03
3.483483483483483642e+07,2.517333333333333030e+03
3.493493493493493646e+07,2.517466666666666242e+03
3.503503503503503650e+07,2.516533333333332848e+03
3.513513513513513654e+07,2.513866666666665878e+03
3.523523523523523659e+07,2.514933333333332484e+03
3.533533533533533663e+07,2.519733333333332666e+03
3.543543543543543667e+07,2.518266666666665969e+03
3.553553553553553671e+07,2.516266666666665969e+03
3.563563563563563675e+07,2.519466666666666242e+03
3.573573573573573679e+07,2.515866666666665878e+03
3.583583583583583683e+07,2.514266666666665969e+03
3.593593593593593687e+07,2.517333333333332575e+03
3.603603603603603691e+07,2.519333333333332575e+03
3.613613613613613695e+07,2.521999999999999091e+03
3.623623623623623699e+07,2.524933333333332939e+03
3.633633633633633703e+07,2.527333333333333030e+03
3.643643643643643707e+07,2.529733333333332666e+03
3.653653653653653711e+07,2.532266666666666424e+03
3.663663663663663715e+07,2.533333333333333030e+03
3.673673673673673719e+07,2.537999999999999545e+03
3.683683683683683723e+07,2.538399999999999636e+03
3.693693693693693727e+07,2.540266666666666424e+03
3.703703703703703731e+07,2.539333333333333030e+03
3.713713713713713735e+07,2.540399999999999181e+03
3.723723723723723739e+07,2.537466666666666242e+03
3.733733733733733743e+07,2.538399999999999181e+03
3.743743743743743747e+07,2.538666666666666060e+03
3.753753753753753752e+07,2.543333333333333030e+03
3.763763763763763756e+07,2.545333333333333030e+03
3.773773773773773760e+07,2.549599999999999454e+03
3.783783783783783764e+07,2.552533333333333303e+03
3.793793793793793768e+07,2.553733333333333121e+03
3.803803803803803772e+07,2.557333333333333030e+03
3.813813813813813776e+07,2.558400000000000091e+03
3.823823823823823780e+07,2.560533333333333303e+03
3.833833833833833784e+07,2.559066666666666606e+03
3.843843843843843788e+07,2.563733333333332666e+03
3.853853853853853792e+07,2.562266666666665969e+03
3.863863863863863796e+07,2.559999999999999091e+03
3.873873873873873800e+07,2.556133333333332303e+03
3.883883883883883804e+07,2.557866666666665878e+03
3.893893893893893808e+07,2.552133333333332303e+03
3.903903903903903812e+07,2.551733333333332666e+03
3.913913913913913816e+07,2.554933333333332484e+03
3.923923923923923820e+07,2.556799999999999272e+03
3.933933933933933824e+07,2.555999999999999091e+03
3.943943943943943828e+07,2.561199999999999363e+03
3.953953953953953832e+07,2.557333333333333030e+03
3.963963963963963836e+07,2.553999999999999545e+03
3.973973973973973840e+07,2.555599999999999454e+03
3.983983983983983845e+07,2.556666666666666515e+03
3.993993993993993849e+07,2.555333333333333030e+03
4.004004004004003853e+07,2.557599999999999454e+03
4.014014014014013857e+07,2.558933333333332939e+03
4.024024024024023861e+07,2.559733333333332666e+03
4.034034034034033865e+07,2.562399999999999636e+03
4.044044044044043869e+07,2.562666666666666060e+03
4.054054054054053873e+07,2.562666666666666060e+03
4.064064064064063877e+07,2.567066666666666151e+03
4.074074074074073881e+07,2.564799999999999272e+03
4.084084084084083885e+07,2.560399999999999181e+03
4.094094094094093889e+07,2.562399999999999181e+03
4.104104104104103893e+07,2.564266666666665969e+03
4.114114114114113897e+07,2.561999999999999545e+03
4.124124124124123901e+07,2.561999999999999545e+03
4.134134134134133905e+07,2.568933333333332939e+03
4.144144144144143909e+07,2.567333333333333030e+03
4.154154154154153913e+07,2.568799999999999727e+03
4.164164164164163917e+07,2.568533333333332848e+03
4.174174174174173921e+07,2.570933333333332939e+03
4.184184184184183925e+07,2.571466666666666242e+03
4.194194194194193929e+07,2.573733333333332666e+03
4.204204204204203933e+07,2.574933333333332939e+03
4.214214214214213938e+07,2.575199999999999818e+03
4.224224224224223942e+07,2.572266666666666424e+03
4.234234234234233946e+07,2.568666666666666515e+03
4.244244244244243950e+07,2.562399999999999636e+03
4.254254254254253954e+07,2.557333333333333030e+03
4.264264264264263958e+07,2.560933333333332939e+03
4.274274274274273962e+07,2.562266666666665969e+03
4.284284284284283966e+07,2.558533333333332848e+03
4.294294294294293970e+07,2.561999999999999545e+03
4.304304304304303974e+07,2.562666666666666515e+03
4.314314314314313978e+07,2.559599999999999454e+03
4.324324324324323982e+07,2.562933333333333394e+03
4.334334334334333986e+07,2.566000000000000000e+03
4.344344344344343990e+07,2.564266666666666879e+03
4.354354354354353994e+07,2.568000000000000000e+03
4.364364364364363998e+07,2.569733333333333121e+03
4.374374374374374002e+07,2.570799999999999727e+03
4.384384384384384006e+07,2.574799999999999727e+03
4.394394394394394010e+07,2.581866666666665878e+03
4.404404404404404014e+07,2.582933333333332939e+03
4.414414414414414018e+07,2.584799999999999727e+03
4.424424424424424022e+07,2.587999999999999545e+03
4.434434434434434026e+07,2.587999999999999545e+03
4.444444444444444031e+07,2.590133333333333212e+03
4.454454454454454035e+07,2.595466666666666242e+03
4.464464464464464039e+07,2.598399999999999636e+03
4.474474474474474043e+07,2.598266666666666424e+03
4.484484484484484792e+07,2.604933333333332939e+03
4.494494494494494796e+07,2.608133333333332757e+03
4.504504504504504800e+07,2.609466666666666242e+03
4.514514514514514804e+07,2.611733333333332666e+03
4.524524524524524808e+07,2.612933333333332939e+03
4.534534534534534812e+07,2.613999999999999545e+03
4.544544544544544816e+07,2.613599999999999454e+03
4.554554554554554820e+07,2.615733333333333121e+03
4.564564564564564824e+07,2.619599999999999909e+03
4.574574574574574828e+07,2.626000000000000000e+03
4.584584584584584832e+07,2.628800000000000182e+03
4.594594594594594836e+07,2.629333333333333030e+03
4.604604604604604840e+07,2.631466666666666242e+03
4.614614614614614844e+07,2.630799999999999727e+03
4.624624624624624848e+07,2.631333333333333030e+03
4.634634634634634852e+07,2.633066666666666151e+03
4.644644644644644856e+07,2.638933333333332939e+03
4.654654654654654860e+07,2.641999999999999545e+03
4.664664664664664865e+07,2.647066666666666606e+03
4.674674674674674869e+07,2.651733333333333121e+03
4.684684684684684873e+07,2.652533333333333303e+03
4.694694694694694877e+07,2.653733333333333121e+03
4.704704704704704881e+07,2.654399999999999636e+03
4.714714714714714885e+07,2.655599999999999454e+03
4.724724724724724889e+07,2.654933333333332939e+03
4.734734734734734893e+07,2.654799999999999727e+03
4.744744744744744897e+07,2.656533333333332848e+03
4.754754754754754901e+07,2.658266666666666424e+03
4.764764764764764905e+07,2.659599999999999454e+03
4.774774774774774909e+07,2.661466666666666242e+03
4.784784784784784913e+07,2.665333333333333030e+03
4.794794794794794917e+07,2.667733333333333121e+03
4.804804804804804921e+07,2.666399999999999636e+03
4.814814814814814925e+07,2.662799999999999727e+03
4.824824824824824929e+07,2.661466666666666242e+03
4.834834834834834933e+07,2.657866666666666333e+03
4.844844844844844937e+07,2.655999999999999545e+03
4.854854854854854941e+07,2.657866666666666333e+03
4.864864864864864945e+07,2.661199999999999818e+03
4.874874874874874949e+07,2.659199999999999818e+03
4.884884884884884953e+07,2.663866666666665878e+03
4.894894894894894958e+07,2.662666666666666060e+03
4.904904904904904962e+07,2.662933333333332939e+03
4.914914914914914966e+07,2.663599999999999454e+03
4.924924924924924970e+07,2.667599999999999454e+03
4.934934934934934974e+07,2.665199999999999818e+03
4.944944944944944978e+07,2.668933333333333394e+03
4.954954954954954982e+07,2.667466666666666242e+03
4.964964964964964986e+07,2.667199999999999818e+03
4.974974974974974990e+07,2.671066666666666151e+03
4.984984984984984994e+07,2.674933333333332939e+03
4.994994994994994998e+07,2.675599999999999454e+03
5.005005005005005002e+07,2.682399999999999181e+03
5.015015015015015006e+07,2.683866666666665878e+03
5.025025025025025010e+07,2.685066666666666151e+03
5.035035035035035014e+07,2.687333333333333030e+03
5.045045045045045018e+07,2.690933333333332939e+03
5.055055055055055022e+07,2.687999999999999545e+03
5.065065065065065026e+07,2.693999999999999545e+03
5.075075075075075030e+07,2.695333333333333030e+03
5.085085085085085034e+07,2.694933333333333394e+03
5.095095095095095038e+07,2.692133333333333212e+03
5.105105105105105042e+07,2.694399999999999636e+03
5.115115115115115047e+07,2.693599999999999454e+03
5.125125125125125051e+07,2.693066666666666151e+03
5.135135135135135055e+07,2.695599999999999454e+03
5.145145145145145059e+07,2.698133333333332757e+03
5.155155155155155063e+07,2.700266666666666424e+03
5.165165165165165067e+07,2.697333333333333030e+03
5.175175175175175071e+07,2.696400000000000091e+03
5.185185185185185075e+07,2.694800000000000182e+03
5.195195195195195079e+07,2.695333333333333030e+03
5.205205205205205083e+07,2.694399999999999636e+03
5.215215215215215087e+07,2.696933333333332939e+03
5.225225225225225091e+07,2.700799999999999727e+03
5.235235235235235095e+07,2.701599999999999454e+03
5.245245245245245099e+07,2.702933333333332939e+03
5.255255255255255103e+07,2.704666666666666515e+03
5.265265265265265107e+07,2.707999999999999545e+03
5.275275275275275111e+07,2.710933333333332939e+03
5.285285285285285115e+07,2.713599999999999454e+03
5.295295295295295119e+07,2.716799999999999727e+03
5.305305305305305123e+07,2.719733333333332666e+03
5.315315315315315127e+07,2.721066666666666606e+03
5.325325325325325131e+07,2.721733333333333121e+03
5.335335335335335135e+07,2.721733333333333121e+03
5.345345345345345140e+07,2.719199999999999818e+03
5.355355355355355144e+07,2.720266666666666879e+03
5.365365365365365148e+07,2.720933333333333394e+03
5.375375375375375152e+07,2.718933333333333394e+03
5.385385385385385156e+07,2.721866666666666333e+03
5.395395395395395160e+07,2.722666666666666515e+03
5.405405405405405164e+07,2.724133333333332757e+03
5.415415415415415168e+07,2.725199999999999818e+03
5.425425425425425172e+07,2.727066666666666151e+03
5.435435435435435176e+07,2.729466666666666242e+03
5.445445445445445180e+07,2.733066666666666151e+03
5.455455455455455184e+07,2.734799999999999727e+03
5.465465465465465188e+07,2.735066666666666606e+03
5.475475475475475192e+07,2.738266666666666879e+03
5.485485485485485196e+07,2.738533333333333758e+03
5.495495495495495200e+07,2.738400000000000091e+03
5.505505505505505204e+07,2.736533333333333303e+03
5.515515515515515208e+07,2.739999999999999545e+03
5.525525525525525212e+07,2.739599999999999454e+03
5.535535535535535216e+07,2.740533333333333303e+03
5.545545545545545220e+07,2.744133333333333212e+03
5.555555555555555224e+07,2.743733333333332666e+03
5.565565565565565228e+07,2.742666666666666060e+03
5.575575575575575233e+07,2.744266666666665969e+03
5.585585585585585237e+07,2.742666666666665606e+03
5.595595595595595241e+07,2.739999999999999091e+03
5.605605605605605245e+07,2.742666666666665606e+03
5.615615615615615249e+07,2.744399999999998727e+03
5.625625625625625253e+07,2.743733333333332666e+03
5.635635635635635257e+07,2.745999999999999091e+03
5.645645645645645261e+07,2.747066666666665697e+03
5.655655655655655265e+07,2.747866666666665424e+03
5.665665665665665269e+07,2.746399999999998727e+03
5.675675675675675273e+07,2.746799999999998363e+03
5.685685685685685277e+07,2.747466666666664423e+03
5.695695695695695281e+07,2.751333333333331211e+03
5.705705705705705285e+07,2.750933333333331120e+03
5.715715715715715289e+07,2.752799999999998363e+03
5.725725725725725293e+07,2.752666666666664696e+03
5.735735735735735297e+07,2.751866666666664514e+03
5.745745745745745301e+07,2.750399999999998272e+03
5.755755755755755305e+07,2.751199999999997999e+03
5.765765765765765309e+07,2.753999999999998636e+03
5.775775775775776058e+07,2.757599999999999000e+03
5.785785785785786062e+07,2.759866666666665424e+03
5.795795795795796067e+07,2.760399999999998727e+03
5.805805805805806071e+07,2.762133333333331848e+03
5.815815815815816075e+07,2.760399999999998727e+03
5.825825825825826079e+07,2.759199999999998909e+03
5.835835835835836083e+07,2.761866666666665878e+03
5.845845845845846087e+07,2.763733333333332212e+03
5.855855855855856091e+07,2.766666666666665606e+03
5.865865865865866095e+07,2.769733333333332666e+03
5.875875875875876099e+07,2.772266666666665969e+03
5.885885885885886103e+07,2.771066666666666151e+03
5.895895895895896107e+07,2.770799999999998818e+03
5.905905905905906111e+07,2.771733333333332666e+03
5.915915915915916115e+07,2.771599999999999454e+03
5.925925925925926119e+07,2.770399999999999636e+03
5.935935935935936123e+07,2.771733333333333121e+03
5.945945945945946127e+07,2.772933333333332939e+03
5.955955955955956131e+07,2.774933333333332484e+03
5.965965965965966135e+07,2.775599999999999454e+03
5.975975975975976139e+07,2.775066666666666151e+03
5.985985985985986143e+07,2.776799999999999272e+03
5.995995995995996147e+07,2.779466666666665787e+03
6.006006006006006151e+07,2.778933333333332484e+03
6.016016016016016155e+07,2.777999999999999091e+03
6.026026026026026160e+07,2.780266666666665515e+03
6.036036036036036164e+07,2.780266666666665515e+03
6.046046046046046168e+07,2.778533333333331939e+03
6.056056056056056172e+07,2.777066666666665242e+03
6.066066066066066176e+07,2.778133333333332303e+03
6.076076076076076180e+07,2.778266666666665515e+03
6.086086086086086184e+07,2.777866666666665878e+03
6.096096096096096188e+07,2.778799999999999727e+03
6.106106106106106192e+07,2.780266666666665969e+03
6.116116116116116196e+07,2.781199999999999363e+03
6.126126126126126200e+07,2.780933333333332484e+03
6.136136136136136204e+07,2.783333333333332575e+03
6.146146146146146208e+07,2.784399999999998727e+03
6.156156156156156212e+07,2.784799999999998818e+03
6.166166166166166216e+07,2.786799999999998818e+03
6.176176176176176220e+07,2.790666666666665151e+03
6.186186186186186224e+07,2.789733333333332666e+03
6.196196196196196228e+07,2.789199999999999818e+03
6.206206206206206232e+07,2.790666666666666970e+03
6.216216216216216236e+07,2.789466666666666697e+03
6.226226226226226240e+07,2.788266666666666879e+03
6.236236236236236244e+07,2.788400000000000091e+03
6.246246246246246248e+07,2.791333333333333485e+03
6.256256256256256253e+07,2.791066666666667061e+03
6.266266266266266257e+07,2.792266666666667334e+03
6.276276276276276261e+07,2.794400000000001000e+03
6.286286286286286265e+07,2.795200000000001182e+03
6.296296296296296269e+07,2.797200000000001182e+03
6.306306306306306273e+07,2.799066666666668425e+03
6.316316316316316277e+07,2.799733333333335395e+03
6.326326326326326281e+07,2.799733333333335395e+03
6.336336336336336285e+07,2.800400000000002365e+03
6.346346346346346289e+07,2.798000000000002728e+03
6.356356356356356293e+07,2.798533333333335577e+03
6.366366366366366297e+07,2.799600000000002183e+03
6.376376376376376301e+07,2.799466666666668971e+03
6.386386386386386305e+07,2.799200000000002092e+03
6.396396396396396309e+07,2.801600000000002638e+03
6.406406406406406313e+07,2.800666666666669698e+03
6.416416416416416317e+07,2.802000000000003183e+03
6.426426426426426321e+07,2.802533333333336941e+03
6.436436436436436325e+07,2.803466666666670335e+03
6.446446446446446329e+07,2.805333333333336668e+03
6.456456456456456333e+07,2.807600000000003547e+03
6.466466466466466337e+07,2.809466666666669880e+03
6.476476476476476341e+07,2.814533333333336941e+03
6.486486486486486346e+07,2.819733333333336759e+03
6.496496496496496350e+07,2.819066666666670244e+03
6.506506506506506354e+07,2.823866666666669516e+03
6.516516516516516358e+07,2.826400000000003274e+03
6.526526526526526362e+07,2.826933333333337032e+03
6.536536536536536366e+07,2.828400000000003274e+03
6.546546546546546370e+07,2.832666666666669698e+03
6.556556556556556374e+07,2.829733333333336304e+03
6.566566566566566378e+07,2.829733333333335850e+03
6.576576576576576382e+07,2.830533333333335577e+03
6.586586586586586386e+07,2.829733333333335395e+03
6.596596596596596390e+07,2.828266666666668698e+03
6.606606606606606394e+07,2.831866666666669062e+03
6.616616616616616398e+07,2.833733333333335850e+03
6.626626626626626402e+07,2.832533333333335577e+03
6.636636636636636406e+07,2.832266666666669153e+03
6.646646646646646410e+07,2.834133333333335486e+03
6.656656656656656414e+07,2.833200000000002547e+03
6.666666666666666418e+07,2.832933333333336122e+03
6.676676676676676422e+07,2.835733333333336304e+03
6.686686686686686426e+07,2.838533333333336032e+03
6.696696696696696430e+07,2.839600000000003092e+03
6.706706706706706434e+07,2.841333333333336668e+03
6.716716716716717184e+07,2.843733333333336304e+03
6.726726726726727188e+07,2.842933333333336122e+03
6.736736736736737192e+07,2.843466666666668971e+03
6.746746746746747196e+07,2.842933333333335213e+03
6.756756756756757200e+07,2.843200000000002547e+03
6.766766766766767204e+07,2.844266666666669153e+03
6.776776776776777208e+07,2.845333333333336213e+03
6.786786786786787212e+07,2.844000000000002728e+03
6.796796796796797216e+07,2.843466666666669880e+03
6.806806806806807220e+07,2.843466666666669880e+03
6.816816816816817224e+07,2.839466666666669880e+03
6.826826826826827228e+07,2.839600000000003092e+03
6.836836836836837232e+07,2.839733333333336304e+03
6.846846846846847236e+07,2.842133333333335941e+03
6.856856856856857240e+07,2.840800000000002001e+03
6.866866866866867244e+07,2.842800000000002001e+03
6.876876876876877248e+07,2.842933333333334758e+03
6.886886886886887252e+07,2.845600000000001273e+03
6.896896896896897256e+07,2.846666666666667879e+03
6.906906906906907260e+07,2.848000000000000909e+03
6.916916916916917264e+07,2.849600000000001273e+03
6.926926926926927269e+07,2.850533333333334213e+03
6.936936936936937273e+07,2.848266666666667334e+03
6.946946946946947277e+07,2.848266666666667334e+03
6.956956956956957281e+07,2.850666666666666970e+03
6.966966966966967285e+07,2.850000000000000455e+03
6.976976976976977289e+07,2.851866666666666788e+03
6.986986986986987293e+07,2.855199999999999818e+03
6.996996996996997297e+07,2.854266666666666879e+03
7.007007007007007301e+07,2.852266666666667334e+03
7.017017017017017305e+07,2.852666666666666970e+03
7.027027027027027309e+07,2.850800000000000637e+03
7.037037037037037313e+07,2.850000000000000909e+03
7.047047047047047317e+07,2.850400000000001000e+03
7.057057057057057321e+07,2.850533333333334213e+03
7.067067067067067325e+07,2.850933333333334303e+03
7.077077077077077329e+07,2.850533333333334667e+03
7.087087087087087333e+07,2.850533333333334667e+03
7.097097097097097337e+07,2.851866666666668152e+03
7.107107107107107341e+07,2.854133333333335486e+03
7.117117117117117345e+07,2.855333333333335759e+03
7.127127127127127349e+07,2.856000000000002728e+03
7.137137137137137353e+07,2.857466666666669880e+03
7.147147147147147357e+07,2.855866666666669516e+03
7.157157157157157362e+07,2.854933333333336577e+03
7.167167167167167366e+07,2.856400000000002819e+03
7.177177177177177370e+07,2.859200000000003001e+03
7.187187187187187374e+07,2.860933333333336577e+03
7.197197197197197378e+07,2.862666666666669698e+03
7.207207207207207382e+07,2.865200000000003456e+03
7.217217217217217386e+07,2.865333333333336213e+03
7.227227227227227390e+07,2.866933333333335668e+03
7.237237237237237394e+07,2.864533333333336032e+03
7.247247247247247398e+07,2.864266666666669153e+03
7.257257257257257402e+07,2.861333333333335759e+03
7.267267267267267406e+07,2.858666666666669244e+03
7.277277277277277410e+07,2.854666666666669244e+03
7.287287287287287414e+07,2.855333333333336213e+03
7.297297297297297418e+07,2.854800000000002456e+03
7.307307307307307422e+07,2.855733333333336304e+03
7.317317317317317426e+07,2.858400000000002365e+03
7.327327327327327430e+07,2.858133333333335941e+03
7.337337337337337434e+07,2.858266666666669153e+03
7.347347347347347438e+07,2.861200000000003001e+03
7.357357357357357442e+07,2.862266666666669153e+03
7.367367367367367446e+07,2.859866666666669516e+03
7.377377377377377450e+07,2.862666666666669698e+03
7.387387387387387455e+07,2.861733333333336759e+03
7.397397397397397459e+07,2.861066666666670244e+03
7.407407407407407463e+07,2.859066666666670244e+03
7.417417417417417467e+07,2.860933333333337032e+03
7.427427427427427471e+07,2.860000000000004093e+03
7.437437437437437475e+07,2.860533333333337396e+03
7.447447447447447479e+07,2.858933333333337032e+03
7.457457457457457483e+07,2.858133333333336850e+03
7.467467467467467487e+07,2.858000000000003183e+03
7.477477477477477491e+07,2.857466666666669880e+03
7.487487487487487495e+07,2.857200000000003456e+03
7.497497497497497499e+07,2.858933333333336122e+03
7.507507507507507503e+07,2.862000000000002728e+03
7.517517517517517507e+07,2.863066666666669789e+03
7.527527527527527511e+07,2.864533333333336032e+03
7.537537537537537515e+07,2.863866666666669062e+03
7.547547547547547519e+07,2.861200000000002092e+03
7.557557557557557523e+07,2.860933333333335213e+03
7.567567567567567527e+07,2.857466666666668516e+03
7.577577577577577531e+07,2.856666666666668789e+03
7.587587587587587535e+07,2.857333333333335759e+03
7.597597597597597539e+07,2.857333333333336213e+03
7.607607607607607543e+07,2.859733333333336304e+03
7.617617617617617548e+07,2.860533333333336032e+03
7.627627627627627552e+07,2.860000000000002728e+03
7.637637637637637556e+07,2.862266666666669153e+03
7.647647647647647560e+07,2.865866666666669062e+03
7.657657657657657564e+07,2.860666666666668789e+03
7.667667667667667568e+07,2.862933333333335213e+03
7.677677677677677572e+07,2.861600000000002183e+03
7.687687687687687576e+07,2.862266666666669153e+03
7.697697697697697580e+07,2.860400000000002365e+03
7.707707707707707584e+07,2.863466666666668971e+03
7.717717717717717588e+07,2.863733333333335850e+03
7.727727727727727592e+07,2.866000000000002728e+03
7.737737737737737596e+07,2.867733333333335850e+03
7.747747747747747600e+07,2.870000000000002728e+03
7.757757757757757604e+07,2.872800000000002456e+03
7.767767767767767608e+07,2.873466666666668971e+03
7.777777777777777612e+07,2.875866666666669062e+03
7.787787787787787616e+07,2.873733333333335395e+03
7.797797797797797620e+07,2.875733333333335395e+03
7.807807807807807624e+07,2.877066666666668880e+03
7.817817817817817628e+07,2.878533333333335577e+03
7.827827827827827632e+07,2.878400000000002365e+03
7.837837837837837636e+07,2.882533333333335577e+03
7.847847847847847641e+07,2.881466666666668971e+03
7.857857857857857645e+07,2.881333333333335304e+03
7.867867867867867649e+07,2.882400000000002365e+03
7.877877877877877653e+07,2.884000000000002274e+03
7.887887887887887657e+07,2.880400000000002365e+03
7.897897897897897661e+07,2.882133333333335941e+03
7.907907907907907665e+07,2.881733333333336304e+03
7.917917917917917669e+07,2.880800000000002456e+03
7.927927927927927673e+07,2.882933333333335668e+03
7.937937937937937677e+07,2.884266666666669153e+03
7.947947947947947681e+07,2.886400000000002365e+03
7.957957957957957685e+07,2.886133333333335486e+03
7.967967967967967689e+07,2.887866666666669062e+03
7.977977977977977693e+07,2.885866666666669062e+03
7.987987987987987697e+07,2.887733333333335395e+03
7.997997997997997701e+07,2.888800000000002456e+03
8.008008008008007705e+07,2.888533333333336032e+03
8.018018018018017709e+07,2.887866666666669062e+03
8.028028028028027713e+07,2.888533333333335577e+03
8.038038038038037717e+07,2.890533333333335577e+03
8.048048048048047721e+07,2.890266666666668698e+03
8.058058058058057725e+07,2.895600000000002183e+03
8.068068068068067729e+07,2.897866666666668607e+03
8.078078078078077734e+07,2.900266666666668698e+03
8.088088088088087738e+07,2.900000000000001819e+03
8.098098098098097742e+07,2.898933333333335213e+03
8.108108108108107746e+07,2.897200000000002547e+03
8.118118118118117750e+07,2.898933333333336122e+03
8.128128128128127754e+07,2.899866666666669516e+03
8.138138138138137758e+07,2.900666666666668789e+03
8.148148148148147762e+07,2.901866666666669062e+03
8.158158158158157766e+07,2.901733333333335850e+03
8.168168168168167770e+07,2.902266666666669153e+03
8.178178178178177774e+07,2.901466666666669880e+03
8.188188188188187778e+07,2.901200000000003456e+03
8.198198198198197782e+07,2.900400000000003274e+03
8.208208208208207786e+07,2.902133333333335941e+03
8.218218218218217790e+07,2.900400000000002365e+03
8.228228228228227794e+07,2.900666666666669698e+03
8.238238238238237798e+07,2.896666666666670153e+03
8.248248248248247802e+07,2.896666666666669698e+03
8.258258258258257806e+07,2.897200000000003001e+03
8.268268268268267810e+07,2.893600000000003092e+03
8.278278278278277814e+07,2.890933333333336577e+03
8.288288288288287818e+07,2.893600000000003092e+03
8.298298298298297822e+07,2.894133333333335941e+03
8.308308308308307827e+07,2.892000000000002728e+03
8.318318318318317831e+07,2.895600000000003092e+03
8.328328328328327835e+07,2.897066666666669789e+03
8.338338338338337839e+07,2.897333333333336213e+03
8.348348348348347843e+07,2.898000000000002728e+03
8.358358358358357847e+07,2.897733333333336304e+03
8.368368368368367851e+07,2.895200000000003001e+03
8.378378378378377855e+07,2.894133333333336395e+03
8.388388388388387859e+07,2.891866666666669516e+03
8.398398398398397863e+07,2.888400000000003274e+03
8.408408408408407867e+07,2.888800000000003365e+03
8.418418418418417871e+07,2.887866666666669516e+03
8.428428428428427875e+07,2.887200000000003456e+03
8.438438438438437879e+07,2.886933333333336122e+03
8.448448448448447883e+07,2.886666666666669244e+03
8.458458458458457887e+07,2.884000000000002728e+03
8.468468468468467891e+07,2.882933333333336122e+03
8.478478478478477895e+07,2.880533333333336032e+03
8.488488488488487899e+07,2.879600000000003092e+03
8.498498498498497903e+07,2.879200000000003456e+03
8.508508508508507907e+07,2.877866666666669516e+03
8.518518518518517911e+07,2.880133333333335941e+03
8.528528528528527915e+07,2.879866666666669062e+03
8.538538538538537920e+07,2.881200000000001637e+03
8.548548548548547924e+07,2.878666666666668334e+03
8.558558558558557928e+07,2.879733333333335395e+03
8.568568568568567932e+07,2.877333333333335304e+03
8.578578578578577936e+07,2.879066666666668425e+03
8.588588588588587940e+07,2.879600000000002183e+03
8.598598598598597944e+07,2.882933333333335668e+03
8.608608608608607948e+07,2.884800000000002001e+03
8.618618618618617952e+07,2.887733333333335395e+03
8.628628628628627956e+07,2.889466666666668971e+03
8.638638638638637960e+07,2.892133333333335486e+03
8.648648648648647964e+07,2.892933333333335213e+03
8.658658658658657968e+07,2.892533333333335577e+03
8.668668668668667972e+07,2.892933333333335213e+03
8.678678678678677976e+07,2.892533333333335577e+03
8.688688688688687980e+07,2.892133333333335941e+03
8.698698698698697984e+07,2.889333333333336213e+03
8.708708708708707988e+07,2.891066666666668880e+03
8.718718718718717992e+07,2.891733333333335395e+03
8.728728728728727996e+07,2.889333333333335304e+03
8.738738738738738000e+07,2.887733333333335850e+03
8.748748748748748004e+07,2.886933333333336122e+03
8.758758758758758008e+07,2.884400000000002819e+03
8.768768768768768013e+07,2.884800000000003365e+03
8.778778778778778017e+07,2.886800000000003365e+03
8.788788788788788021e+07,2.890000000000002728e+03
8.798798798798798025e+07,2.892933333333336122e+03
8.808808808808808029e+07,2.898133333333335941e+03
8.818818818818818033e+07,2.896800000000002456e+03
8.828828828828828037e+07,2.896400000000002365e+03
8.838838838838838041e+07,2.892266666666669153e+03
8.848848848848848045e+07,2.895733333333336304e+03
8.858858858858858049e+07,2.891733333333336304e+03
8.868868868868868053e+07,2.892533333333335577e+03
8.878878878878878057e+07,2.896133333333335486e+03
8.888888888888888061e+07,2.899066666666668880e+03
8.898898898898898065e+07,2.900266666666669153e+03
8.908908908908908069e+07,2.899733333333335395e+03
8.918918918918918073e+07,2.902266666666668698e+03
8.928928928928928077e+07,2.900666666666668334e+03
8.938938938938938081e+07,2.901866666666668607e+03
8.948948948948948085e+07,2.899333333333335304e+03
8.958958958958958089e+07,2.904666666666668789e+03
8.968968968968969584e+07,2.904000000000002728e+03
8.978978978978979588e+07,2.906666666666668789e+03
8.988988988988989592e+07,2.905066666666668425e+03
8.998998998998999596e+07,2.904400000000002365e+03
9.009009009009009600e+07,2.903866666666669062e+03
9.019019019019019604e+07,2.904666666666668789e+03
9.029029029029029608e+07,2.902000000000002728e+03
9.039039039039039612e+07,2.900533333333335577e+03
9.049049049049049616e+07,2.900933333333336122e+03
9.059059059059059620e+07,2.900133333333335941e+03
9.069069069069069624e+07,2.899866666666669062e+03
9.079079079079079628e+07,2.900266666666669153e+03
9.089089089089089632e+07,2.903066666666668880e+03
9.099099099099099636e+07,2.905466666666668971e+03
9.109109109109109640e+07,2.906133333333335486e+03
9.119119119119119644e+07,2.908133333333335941e+03
9.129129129129129648e+07,2.910666666666668789e+03
9.139139139139139652e+07,2.911866666666669062e+03
9.149149149149149656e+07,2.912666666666668789e+03
9.159159159159159660e+07,2.910533333333335577e+03
9.169169169169169664e+07,2.907866666666669516e+03
9.179179179179179668e+07,2.908800000000002910e+03
9.189189189189189672e+07,2.907200000000003456e+03
9.199199199199199677e+07,2.906266666666669607e+03
9.209209209209209681e+07,2.908933333333336122e+03
9.219219219219219685e+07,2.910266666666669607e+03
9.229229229229229689e+07,2.912000000000003183e+03
9.239239239239239693e+07,2.914533333333336941e+03
9.249249249249249697e+07,2.918400000000003729e+03
9.259259259259259701e+07,2.915600000000004002e+03
9.269269269269269705e+07,2.914000000000004093e+03
9.279279279279279709e+07,2.913333333333337578e+03
9.289289289289289713e+07,2.914400000000004184e+03
9.299299299299299717e+07,2.914800000000003820e+03
9.309309309309309721e+07,2.919200000000003911e+03
9.319319319319319725e+07,2.923066666666670244e+03
9.329329329329329729e+07,2.925333333333337123e+03
9.339339339339339733e+07,2.922800000000003820e+03
9.349349349349349737e+07,2.922800000000003820e+03
9.359359359359359741e+07,2.923066666666671154e+03
9.369369369369369745e+07,2.923066666666671154e+03
9.379379379379379749e+07,2.923600000000004911e+03
9.389389389389389753e+07,2.925733333333338123e+03
9.399399399399399757e+07,2.926133333333337760e+03
9.409409409409409761e+07,2.929066666666670699e+03
9.419419419419419765e+07,2.932000000000004093e+03
9.429429429429429770e+07,2.928933333333337032e+03
9.439439439439439774e+07,2.930800000000003820e+03
9.449449449449449778e+07,2.929466666666670335e+03
9.459459459459459782e+07,2.926533333333336941e+03
9.469469469469469786e+07,2.926800000000003365e+03
9.479479479479479790e+07,2.932000000000003183e+03
9.489489489489489794e+07,2.933200000000003001e+03
9.499499499499499798e+07,2.934133333333335941e+03
9.509509509509509802e+07,2.937333333333335759e+03
9.519519519519519806e+07,2.935866666666669062e+03
9.529529529529529810e+07,2.934933333333335213e+03
9.539539539539539814e+07,2.936133333333335941e+03
9.549549549549549818e+07,2.940400000000002365e+03
9.559559559559559822e+07,2.940800000000002910e+03
9.569569569569569826e+07,2.941333333333336213e+03
9.579579579579579830e+07,2.942000000000002728e+03
9.589589589589589834e+07,2.942933333333336577e+03
9.599599599599599838e+07,2.939866666666669516e+03
9.609609609609609842e+07,2.940933333333336577e+03
9.619619619619619846e+07,2.945200000000003001e+03
9.629629629629629850e+07,2.946400000000002365e+03
9.639639639639639854e+07,2.948800000000002456e+03
9.649649649649649858e+07,2.951066666666668880e+03
9.659659659659659863e+07,2.952400000000001910e+03
9.669669669669669867e+07,2.951466666666668061e+03
9.679679679679679871e+07,2.952000000000001819e+03
9.689689689689689875e+07,2.951333333333335304e+03
9.699699699699699879e+07,2.952666666666668789e+03
9.709709709709709883e+07,2.951600000000002183e+03
9.719719719719719887e+07,2.953066666666668880e+03
9.729729729729729891e+07,2.952000000000002274e+03
9.739739739739739895e+07,2.954133333333335486e+03
9.749749749749749899e+07,2.956933333333335213e+03
9.759759759759759903e+07,2.959333333333335304e+03
9.769769769769769907e+07,2.959466666666668516e+03
9.779779779779779911e+07,2.961466666666668971e+03
9.789789789789789915e+07,2.962400000000002365e+03
9.799799799799799919e+07,2.960800000000002001e+03
9.809809809809809923e+07,2.960266666666668243e+03
9.819819819819819927e+07,2.959333333333335304e+03
9.829829829829829931e+07,2.958933333333335213e+03
9.839839839839839935e+07,2.954400000000002365e+03
9.849849849849849939e+07,2.954266666666669153e+03
9.859859859859859943e+07,2.954133333333335941e+03
9.869869869869869947e+07,2.952533333333335577e+03
9.879879879879879951e+07,2.950933333333336122e+03
9.889889889889889956e+07,2.951600000000003092e+03
9.899899899899899960e+07,2.951200000000003456e+03
9.909909909909909964e+07,2.953333333333336213e+03
9.919919919919919968e+07,2.954133333333335941e+03
9.929929929929929972e+07,2.956000000000002728e+03
9.939939939939939976e+07,2.958400000000002365e+03
9.949949949949949980e+07,2.958266666666669607e+03
9.959959959959959984e+07,2.956266666666670062e+03
9.969969969969969988e+07,2.958000000000003638e+03
9.979979979979979992e+07,2.960266666666670062e+03
9.989989989989989996e+07,2.957866666666669516e+03
